c:\users\charles\documents\github\spacegame\game\debug\vc120.pdb
c:\users\charles\documents\github\spacegame\game\debug\vc120.idb
c:\users\charles\documents\github\spacegame\game\debug\game.obj
c:\users\charles\documents\github\spacegame\game\debug\gamestate.obj
c:\users\charles\documents\github\spacegame\game\debug\soundbuffer.obj
c:\users\charles\documents\github\spacegame\game\debug\sprite.obj
c:\users\charles\documents\github\spacegame\game\debug\texturemanager.obj
c:\users\charles\documents\github\spacegame\game\debug\transformable.obj
c:\users\charles\documents\github\spacegame\game\debug\ship.obj
c:\users\charles\documents\github\spacegame\game\debug\playingstate.obj
c:\users\charles\documents\github\spacegame\game\debug\spacegame.obj
c:\users\charles\documents\github\spacegame\game\debug\main.obj
c:\users\charles\documents\github\spacegame\game\debug\affinetransform.obj
c:\users\charles\documents\github\spacegame\game\debug\mathutil.obj
c:\users\charles\documents\github\spacegame\game\debug\matrix3.obj
c:\users\charles\documents\github\spacegame\game\debug\vector2.obj
c:\users\charles\documents\github\spacegame\game\debug\vector3.obj
c:\users\charles\documents\github\spacegame\game\debug\splashstate.obj
c:\users\charles\documents\github\spacegame\game\debug\scenenode.obj
c:\users\charles\documents\github\spacegame\game\debug\body.obj
c:\users\charles\documents\github\spacegame\debug\game.exe
c:\users\charles\documents\github\spacegame\debug\game.pdb
c:\users\charles\documents\github\spacegame\game\debug\game.tlog\cl.command.1.tlog
c:\users\charles\documents\github\spacegame\game\debug\game.tlog\cl.read.1.tlog
c:\users\charles\documents\github\spacegame\game\debug\game.tlog\cl.write.1.tlog
c:\users\charles\documents\github\spacegame\game\debug\game.tlog\link.command.1.tlog
c:\users\charles\documents\github\spacegame\game\debug\game.tlog\link.read.1.tlog
c:\users\charles\documents\github\spacegame\game\debug\game.tlog\link.write.1.tlog
