Build started 29/01/2016 22:43:29.
     1>Project "C:\Users\Charles\Documents\GitHub\BaseGame\Game\Game.vcxproj" on node 2 (Build target(s)).
     1>ClCompile:
         C:\Program Files (x86)\Microsoft Visual Studio 12.0\VC\bin\CL.exe /c /IC:\Users\Charles\Documents\GitHub\BaseGame\Game\ /ZI /nologo /W3 /WX- /sdl /Od /Oy- /D WIN32 /D _DEBUG /D _CONSOLE /D _UNICODE /D UNICODE /Gm /EHsc /RTC1 /MDd /GS /fp:precise /Zc:wchar_t /Zc:forScope /Fo"Debug\\" /Fd"Debug\vc120.pdb" /Gd /TP /analyze- /errorReport:prompt Game\GameStates\GameoverState.cpp Game\JamGame.cpp Game\GameStates\TitleState.cpp Game\GameStates\StoryState.cpp Game\GameStates\InstructionsState.cpp Game\GameStates\SplashState.cpp
         SplashState.cpp
         InstructionsState.cpp
         StoryState.cpp
         TitleState.cpp
         JamGame.cpp
         GameoverState.cpp
         Generating Code...
       Link:
         C:\Program Files (x86)\Microsoft Visual Studio 12.0\VC\bin\link.exe /ERRORREPORT:PROMPT /OUT:"C:\Users\Charles\Documents\GitHub\BaseGame\Debug\Game.exe" /INCREMENTAL /NOLOGO tinyxml2.lib audiere.lib lua5.1.lib c2d2.lib c2d2luad.lib ca2.lib SDL.lib SDLMain.lib SDL_image.lib SDL_mixer.lib opengl32.lib glu32.lib kernel32.lib user32.lib gdi32.lib winspool.lib comdlg32.lib advapi32.lib shell32.lib ole32.lib oleaut32.lib uuid.lib odbc32.lib odbccp32.lib /MANIFEST /MANIFESTUAC:"level='asInvoker' uiAccess='false'" /manifest:embed /DEBUG /PDB:"C:\Users\Charles\Documents\GitHub\BaseGame\Debug\Game.pdb" /SUBSYSTEM:CONSOLE /TLBID:1 /DYNAMICBASE /NXCOMPAT /IMPLIB:"C:\Users\Charles\Documents\GitHub\BaseGame\Debug\Game.lib" /MACHINE:X86 Debug\Game.obj
         Debug\GameState.obj
         Debug\SoundBuffer.obj
         Debug\Sprite.obj
         Debug\TextureManager.obj
         Debug\Transformable.obj
         Debug\Ship.obj
         Debug\PlayingState.obj
         Debug\GameoverState.obj
         Debug\JamGame.obj
         Debug\TitleState.obj
         Debug\StoryState.obj
         Debug\InstructionsState.obj
         Debug\main.obj
         Debug\AffineTransform.obj
         Debug\MathUtil.obj
         Debug\Matrix3.obj
         Debug\Vector2.obj
         Debug\Vector3.obj
         Debug\SplashState.obj
         Debug\SceneNode.obj
         Debug\Body.obj
         c2d2.lib(chien2d2.obj) : MSIL .netmodule or module compiled with /GL found; restarting link with /LTCG; add /LTCG to the link command line to improve linker performance
     1>LINK : warning LNK4075: ignoring '/INCREMENTAL' due to '/LTCG' specification
     1>Game.obj : warning LNK4075: ignoring '/EDITANDCONTINUE' due to '/OPT:LBR' specification
     1>LINK : warning LNK4098: defaultlib 'MSVCRT' conflicts with use of other libs; use /NODEFAULTLIB:library
         Generating code
         Finished generating code
     1>c2d2.lib(chien2d2.obj) : warning LNK4099: PDB 'vc100.pdb' was not found with 'c2d2.lib(chien2d2.obj)' or at 'C:\Users\Charles\Documents\GitHub\BaseGame\Debug\vc100.pdb'; linking object as if no debug info
     1>c2d2.lib(chien2d2_gl.obj) : warning LNK4099: PDB 'vc100.pdb' was not found with 'c2d2.lib(chien2d2_gl.obj)' or at 'C:\Users\Charles\Documents\GitHub\BaseGame\Debug\vc100.pdb'; linking object as if no debug info
     1>c2d2.lib(chien2d2_sdl.obj) : warning LNK4099: PDB 'vc100.pdb' was not found with 'c2d2.lib(chien2d2_sdl.obj)' or at 'C:\Users\Charles\Documents\GitHub\BaseGame\Debug\vc100.pdb'; linking object as if no debug info
     1>c2d2luad.lib(chien2d2lua.obj) : warning LNK4099: PDB 'vc100.pdb' was not found with 'c2d2luad.lib(chien2d2lua.obj)' or at 'C:\Users\Charles\Documents\GitHub\BaseGame\Debug\vc100.pdb'; linking object as if no debug info
     1>c2d2luad.lib(chienlua2.obj) : warning LNK4099: PDB 'vc100.pdb' was not found with 'c2d2luad.lib(chienlua2.obj)' or at 'C:\Users\Charles\Documents\GitHub\BaseGame\Debug\vc100.pdb'; linking object as if no debug info
         Game.vcxproj -> C:\Users\Charles\Documents\GitHub\BaseGame\Debug\Game.exe
     1>Done Building Project "C:\Users\Charles\Documents\GitHub\BaseGame\Game\Game.vcxproj" (Build target(s)).

Build succeeded.

Time Elapsed 00:00:07.65
